Using pre-set license
Built from '2021.3/staging' branch; Version is '2021.3.10f1 (1c7d0df0160b) revision 1867021'; Using compiler version '192829333'; Build Type 'Release'
OS: 'Windows 10  (10.0.20348) 64bit ServerStandard' Language: 'en' Physical Memory: 16234 MB
BatchMode: 1, IsHumanControllingUs: 0, StartBugReporterOnCrash: 0, Is64bit: 1, IsPro: 1

COMMAND LINE ARGUMENTS:
C:\Program Files\Unity\Hub\Editor\2021.3.10f1\Editor\Unity.exe
-adb2
-batchMode
-noUpm
-name
AssetImportWorker0
-projectPath
C:/Users/Administrator/Desktop/Falling-Sky-master
-logFile
Logs/AssetImportWorker0.log
-srvPort
53702
Successfully changed project path to: C:/Users/Administrator/Desktop/Falling-Sky-master
C:/Users/Administrator/Desktop/Falling-Sky-master
[UnityMemory] Configuration Parameters - Can be set up in boot.config
    "memorysetup-bucket-allocator-granularity=16"
    "memorysetup-bucket-allocator-bucket-count=8"
    "memorysetup-bucket-allocator-block-size=33554432"
    "memorysetup-bucket-allocator-block-count=8"
    "memorysetup-main-allocator-block-size=16777216"
    "memorysetup-thread-allocator-block-size=16777216"
    "memorysetup-gfx-main-allocator-block-size=16777216"
    "memorysetup-gfx-thread-allocator-block-size=16777216"
    "memorysetup-cache-allocator-block-size=4194304"
    "memorysetup-typetree-allocator-block-size=2097152"
    "memorysetup-profiler-bucket-allocator-granularity=16"
    "memorysetup-profiler-bucket-allocator-bucket-count=8"
    "memorysetup-profiler-bucket-allocator-block-size=33554432"
    "memorysetup-profiler-bucket-allocator-block-count=8"
    "memorysetup-profiler-allocator-block-size=16777216"
    "memorysetup-profiler-editor-allocator-block-size=1048576"
    "memorysetup-temp-allocator-size-main=16777216"
    "memorysetup-job-temp-allocator-block-size=2097152"
    "memorysetup-job-temp-allocator-block-size-background=1048576"
    "memorysetup-job-temp-allocator-reduction-small-platforms=262144"
    "memorysetup-temp-allocator-size-background-worker=32768"
    "memorysetup-temp-allocator-size-job-worker=262144"
    "memorysetup-temp-allocator-size-preload-manager=33554432"
    "memorysetup-temp-allocator-size-nav-mesh-worker=65536"
    "memorysetup-temp-allocator-size-audio-worker=65536"
    "memorysetup-temp-allocator-size-cloud-worker=32768"
    "memorysetup-temp-allocator-size-gi-baking-worker=262144"
    "memorysetup-temp-allocator-size-gfx=262144"
Refreshing native plugins compatible for Editor in 52.80 ms, found 2 plugins.
Preloading 0 native plugins for Editor in 0.00 ms.
Initialize engine version: 2021.3.10f1 (1c7d0df0160b)
[Subsystems] Discovering subsystems at path C:/Program Files/Unity/Hub/Editor/2021.3.10f1/Editor/Data/Resources/UnitySubsystems
[Subsystems] Discovering subsystems at path C:/Users/Administrator/Desktop/Falling-Sky-master/Assets
GfxDevice: creating device client; threaded=0; jobified=0
Direct3D:
    Version:  Direct3D 11.0 [level 11.1]
    Renderer: Radeon RX 570 Series (ID=0x67df)
    Vendor:   ATI
    VRAM:     4039 MB
    Driver:   31.0.12044.3
Initialize mono
Mono path[0] = 'C:/Program Files/Unity/Hub/Editor/2021.3.10f1/Editor/Data/Managed'
Mono path[1] = 'C:/Program Files/Unity/Hub/Editor/2021.3.10f1/Editor/Data/MonoBleedingEdge/lib/mono/unityjit-win32'
Mono config path = 'C:/Program Files/Unity/Hub/Editor/2021.3.10f1/Editor/Data/MonoBleedingEdge/etc'
Using monoOptions --debugger-agent=transport=dt_socket,embedding=1,server=y,suspend=n,address=127.0.0.1:56568
Begin MonoManager ReloadAssembly
Registering precompiled unity dll's ...
Register platform support module: C:/Program Files/Unity/Hub/Editor/2021.3.10f1/Editor/Data/PlaybackEngines/WindowsStandaloneSupport/UnityEditor.WindowsStandalone.Extensions.dll
Registered in 0.003749 seconds.
Native extension for WindowsStandalone target not found
Refreshing native plugins compatible for Editor in 46.63 ms, found 2 plugins.
Preloading 0 native plugins for Editor in 0.00 ms.
Mono: successfully reloaded assembly
- Completed reload, in  0.546 seconds
Domain Reload Profiling:
	ReloadAssembly (547ms)
		BeginReloadAssembly (63ms)
			ExecutionOrderSort (0ms)
			DisableScriptedObjects (0ms)
			BackupInstance (0ms)
			ReleaseScriptingObjects (0ms)
			CreateAndSetChildDomain (1ms)
		EndReloadAssembly (385ms)
			LoadAssemblies (61ms)
			RebuildTransferFunctionScriptingTraits (0ms)
			SetupTypeCache (100ms)
			ReleaseScriptCaches (0ms)
			RebuildScriptCaches (27ms)
			SetupLoadedEditorAssemblies (212ms)
				LogAssemblyErrors (0ms)
				InitializePlatformSupportModulesInManaged (6ms)
				SetLoadedEditorAssemblies (0ms)
				RefreshPlugins (47ms)
				BeforeProcessingInitializeOnLoad (1ms)
				ProcessInitializeOnLoadAttributes (115ms)
				ProcessInitializeOnLoadMethodAttributes (42ms)
				AfterProcessingInitializeOnLoad (0ms)
				EditorAssembliesLoaded (0ms)
			ExecutionOrderSort2 (0ms)
			AwakeInstancesAfterBackupRestoration (0ms)
Platform modules already initialized, skipping
Registering precompiled user dll's ...
Registered in 0.002777 seconds.
Begin MonoManager ReloadAssembly
Native extension for WindowsStandalone target not found
Refreshing native plugins compatible for Editor in 0.67 ms, found 2 plugins.
Preloading 0 native plugins for Editor in 0.00 ms.
Package Manager log level set to [2]
Mono: successfully reloaded assembly
- Completed reload, in  1.044 seconds
Domain Reload Profiling:
	ReloadAssembly (1045ms)
		BeginReloadAssembly (99ms)
			ExecutionOrderSort (0ms)
			DisableScriptedObjects (6ms)
			BackupInstance (0ms)
			ReleaseScriptingObjects (0ms)
			CreateAndSetChildDomain (17ms)
		EndReloadAssembly (836ms)
			LoadAssemblies (66ms)
			RebuildTransferFunctionScriptingTraits (0ms)
			SetupTypeCache (185ms)
			ReleaseScriptCaches (0ms)
			RebuildScriptCaches (69ms)
			SetupLoadedEditorAssemblies (451ms)
				LogAssemblyErrors (0ms)
				InitializePlatformSupportModulesInManaged (4ms)
				SetLoadedEditorAssemblies (0ms)
				RefreshPlugins (1ms)
				BeforeProcessingInitializeOnLoad (65ms)
				ProcessInitializeOnLoadAttributes (202ms)
				ProcessInitializeOnLoadMethodAttributes (173ms)
				AfterProcessingInitializeOnLoad (4ms)
				EditorAssembliesLoaded (0ms)
			ExecutionOrderSort2 (0ms)
			AwakeInstancesAfterBackupRestoration (5ms)
Platform modules already initialized, skipping
========================================================================
Worker process is ready to serve import requests
Launched and connected shader compiler UnityShaderCompiler.exe after 0.03 seconds
Refreshing native plugins compatible for Editor in 0.68 ms, found 2 plugins.
Preloading 0 native plugins for Editor in 0.00 ms.
Unloading 2442 Unused Serialized files (Serialized files now loaded: 0)
Unloading 60 unused Assets / (57.1 KB). Loaded Objects now: 2876.
Memory consumption went from 92.7 MB to 92.7 MB.
Total: 5.816000 ms (FindLiveObjects: 0.195500 ms CreateObjectMapping: 0.137300 ms MarkObjects: 5.414400 ms  DeleteObjects: 0.067900 ms)

AssetImportParameters requested are different than current active one (requested -> active):
  custom:video-decoder-ogg-theora: a1e56fd34408186e4bbccfd4996cb3dc -> 
  custom:container-muxer-webm: aa71ff27fc2769a1b78a27578f13a17b -> 
  custom:container-demuxer-webm: 4f35f7cbe854078d1ac9338744f61a02 -> 
  custom:video-encoder-webm-vp8: eb34c28f22e8b96e1ab97ce403110664 -> 
  custom:audio-encoder-webm-vorbis: bf7c407c2cedff20999df2af8eb42d56 -> 
  custom:framework-win-MediaFoundation: 216162199b28c13a410421893ffa2e32 -> 
  custom:container-demuxer-ogg: 62fdf1f143b41e24485cea50d1cbac27 -> 
  custom:video-decoder-webm-vp8: 9c59270c3fd7afecdb556c50c9e8de78 -> 
  custom:audio-decoder-ogg-vorbis: bf7c407c2cedff20999df2af8eb42d56 -> 
========================================================================
Received Import Request.
  Time since last request: 29431.917981 seconds.
  path: Assets/Animated Pixel-Art Backgrounds - Free/Pixel-Art Background 1
  artifactKey: Guid(ce1897cab703bd843a394b3d7de078f1) Importer(815301076,1909f56bfc062723c751e8b465ee728b)
Start importing Assets/Animated Pixel-Art Backgrounds - Free/Pixel-Art Background 1 using Guid(ce1897cab703bd843a394b3d7de078f1) Importer(815301076,1909f56bfc062723c751e8b465ee728b)  -> (artifact id: 'eaf02f3da793b798bf1b7402e2601ab2') in 0.011347 seconds 
========================================================================
Received Import Request.
  Time since last request: 5.724231 seconds.
  path: Assets/Samples/In App Purchasing
  artifactKey: Guid(7730fd9fd91469c49a0cae87c27b9a44) Importer(815301076,1909f56bfc062723c751e8b465ee728b)
Start importing Assets/Samples/In App Purchasing using Guid(7730fd9fd91469c49a0cae87c27b9a44) Importer(815301076,1909f56bfc062723c751e8b465ee728b)  -> (artifact id: '513ecf671933e3efd528447bed433371') in 0.010771 seconds 
========================================================================
Received Import Request.
  Time since last request: 2.198477 seconds.
  path: Assets/Sounds/44428__thecheeseman__hurt1.wav
  artifactKey: Guid(5959fe6d72f2de8419b4c2001236b593) Importer(815301076,1909f56bfc062723c751e8b465ee728b)
Start importing Assets/Sounds/44428__thecheeseman__hurt1.wav using Guid(5959fe6d72f2de8419b4c2001236b593) Importer(815301076,1909f56bfc062723c751e8b465ee728b)  -> (artifact id: '0c9f157d419e1b27dbf01cbc731fa27e') in 0.119543 seconds 
========================================================================
Received Import Request.
  Time since last request: 0.000014 seconds.
  path: Assets/Sounds/blaster_2.wav
  artifactKey: Guid(32a04f68f7a97fd42abf9d41cbb547e0) Importer(815301076,1909f56bfc062723c751e8b465ee728b)
Start importing Assets/Sounds/blaster_2.wav using Guid(32a04f68f7a97fd42abf9d41cbb547e0) Importer(815301076,1909f56bfc062723c751e8b465ee728b)  -> (artifact id: 'f03acebb27379f91147c1accfaa88a25') in 0.017920 seconds 
========================================================================
Received Import Request.
  Time since last request: 0.000015 seconds.
  path: Assets/Sounds/44430__thecheeseman__hurt3.wav
  artifactKey: Guid(50520b182ea8bbf4d855705184f799e9) Importer(815301076,1909f56bfc062723c751e8b465ee728b)
Start importing Assets/Sounds/44430__thecheeseman__hurt3.wav using Guid(50520b182ea8bbf4d855705184f799e9) Importer(815301076,1909f56bfc062723c751e8b465ee728b)  -> (artifact id: '9d0e9a7d66fa0f2c19a0ec8f777e48a0') in 0.021050 seconds 
========================================================================
Received Import Request.
  Time since last request: 0.000019 seconds.
  path: Assets/Sounds/402581__inspectorj__slide-whistle-descending-a.wav
  artifactKey: Guid(8cb5b6f0c64ec844d8376b13bd21c665) Importer(815301076,1909f56bfc062723c751e8b465ee728b)
Start importing Assets/Sounds/402581__inspectorj__slide-whistle-descending-a.wav using Guid(8cb5b6f0c64ec844d8376b13bd21c665) Importer(815301076,1909f56bfc062723c751e8b465ee728b)  -> (artifact id: 'c3d4639b9691127dd657a37c3b2e4af7') in 0.016689 seconds 
========================================================================
Received Import Request.
  Time since last request: 0.000019 seconds.
  path: Assets/Sounds/blaster_1.wav
  artifactKey: Guid(7cb7c0b68bfd5e14fb9df26db88827ea) Importer(815301076,1909f56bfc062723c751e8b465ee728b)
Start importing Assets/Sounds/blaster_1.wav using Guid(7cb7c0b68bfd5e14fb9df26db88827ea) Importer(815301076,1909f56bfc062723c751e8b465ee728b)  -> (artifact id: '52f8366cf2c4f16f5a1f777c7c310f3a') in 0.015224 seconds 
========================================================================
Received Import Request.
  Time since last request: 0.000021 seconds.
  path: Assets/Sounds/Stuck_In_The_Air.mp3
  artifactKey: Guid(119693a401e351b4ea20717ba0f1b26d) Importer(815301076,1909f56bfc062723c751e8b465ee728b)
Start importing Assets/Sounds/Stuck_In_The_Air.mp3 using Guid(119693a401e351b4ea20717ba0f1b26d) Importer(815301076,1909f56bfc062723c751e8b465ee728b)  -> (artifact id: 'a2d6730387ade926f5f375ec4e21c6e2') in 0.017652 seconds 
========================================================================
Received Import Request.
  Time since last request: 0.000015 seconds.
  path: Assets/Sounds/371192__karolist__acoustic-kick.wav
  artifactKey: Guid(47364ff5923428a4996b648179760403) Importer(815301076,1909f56bfc062723c751e8b465ee728b)
Start importing Assets/Sounds/371192__karolist__acoustic-kick.wav using Guid(47364ff5923428a4996b648179760403) Importer(815301076,1909f56bfc062723c751e8b465ee728b)  -> (artifact id: 'ed73f9d94e2cb7b16f60e5a663d0304e') in 0.021285 seconds 
========================================================================
Received Import Request.
  Time since last request: 0.000014 seconds.
  path: Assets/Sounds/44429__thecheeseman__hurt2.wav
  artifactKey: Guid(c9e8ee833c29707478f3dccec51f8064) Importer(815301076,1909f56bfc062723c751e8b465ee728b)
Start importing Assets/Sounds/44429__thecheeseman__hurt2.wav using Guid(c9e8ee833c29707478f3dccec51f8064) Importer(815301076,1909f56bfc062723c751e8b465ee728b)  -> (artifact id: '113ac3ac47d4d1e6f185bd4ab96640bb') in 0.019012 seconds 
========================================================================
Received Import Request.
  Time since last request: 10.014948 seconds.
  path: Assets/Low_Swordman/Demo
  artifactKey: Guid(ca045e253edff504fb5b0bb65d89d016) Importer(815301076,1909f56bfc062723c751e8b465ee728b)
Start importing Assets/Low_Swordman/Demo using Guid(ca045e253edff504fb5b0bb65d89d016) Importer(815301076,1909f56bfc062723c751e8b465ee728b)  -> (artifact id: '66a42ab6be8a5630e1c49611bea2b450') in 0.009878 seconds 
========================================================================
Received Import Request.
  Time since last request: 1.394008 seconds.
  path: Assets/Low_Swordman/Demo/Sprite
  artifactKey: Guid(ee77caa4c76f4b741834ce8959c68586) Importer(815301076,1909f56bfc062723c751e8b465ee728b)
Start importing Assets/Low_Swordman/Demo/Sprite using Guid(ee77caa4c76f4b741834ce8959c68586) Importer(815301076,1909f56bfc062723c751e8b465ee728b)  -> (artifact id: 'ad37df15ab177a11ee808e7acb13da4d') in 0.010875 seconds 
========================================================================
Received Import Request.
  Time since last request: 0.050472 seconds.
  path: Assets/Low_Swordman/Demo/Sprite/Cloud.png
  artifactKey: Guid(4183af6a174f2144288484ab0b83ba2a) Importer(815301076,1909f56bfc062723c751e8b465ee728b)
Start importing Assets/Low_Swordman/Demo/Sprite/Cloud.png using Guid(4183af6a174f2144288484ab0b83ba2a) Importer(815301076,1909f56bfc062723c751e8b465ee728b)  -> (artifact id: 'a7de8b6769598ae597431a3682564ed9') in 0.088282 seconds 
========================================================================
Received Import Request.
  Time since last request: 0.000016 seconds.
  path: Assets/Low_Swordman/Demo/Sprite/webGL-ui_move.png
  artifactKey: Guid(1300a8d6a01c3c347b3a54a380fe86f8) Importer(815301076,1909f56bfc062723c751e8b465ee728b)
Start importing Assets/Low_Swordman/Demo/Sprite/webGL-ui_move.png using Guid(1300a8d6a01c3c347b3a54a380fe86f8) Importer(815301076,1909f56bfc062723c751e8b465ee728b)  -> (artifact id: '01318ce51d0eb6a1a9e8d708d71c327a') in 0.020265 seconds 
========================================================================
Received Import Request.
  Time since last request: 0.000024 seconds.
  path: Assets/Low_Swordman/Demo/Sprite/Light_Soil_Sample.png
  artifactKey: Guid(af8183249dd18734a9415f11af1f8471) Importer(815301076,1909f56bfc062723c751e8b465ee728b)
Start importing Assets/Low_Swordman/Demo/Sprite/Light_Soil_Sample.png using Guid(af8183249dd18734a9415f11af1f8471) Importer(815301076,1909f56bfc062723c751e8b465ee728b)  -> (artifact id: '3050abfdd172a06e6479a2e34c230aef') in 0.842411 seconds 
========================================================================
Received Import Request.
  Time since last request: 0.000017 seconds.
  path: Assets/Low_Swordman/Demo/Sprite/Mountain_2-001.png
  artifactKey: Guid(68d595fbad75ba14eb26974e08fa7718) Importer(815301076,1909f56bfc062723c751e8b465ee728b)
Start importing Assets/Low_Swordman/Demo/Sprite/Mountain_2-001.png using Guid(68d595fbad75ba14eb26974e08fa7718) Importer(815301076,1909f56bfc062723c751e8b465ee728b)  -> (artifact id: 'c9e22d6208787db09ebb8b62768c0e3d') in 0.042775 seconds 
========================================================================
Received Import Request.
  Time since last request: 0.000025 seconds.
  path: Assets/Low_Swordman/Demo/Sprite/RClick.png
  artifactKey: Guid(9dec916718111bc498a0b38c4a38b0e7) Importer(815301076,1909f56bfc062723c751e8b465ee728b)
Start importing Assets/Low_Swordman/Demo/Sprite/RClick.png using Guid(9dec916718111bc498a0b38c4a38b0e7) Importer(815301076,1909f56bfc062723c751e8b465ee728b)  -> (artifact id: 'eabb30c89a2ebf431f853def0e96d4a9') in 0.019240 seconds 
========================================================================
Received Import Request.
  Time since last request: 0.000017 seconds.
  path: Assets/Low_Swordman/Demo/Sprite/webGL-ui_mouse_Fill.png
  artifactKey: Guid(226da39bc4b92d44cbca3bf35c87bba2) Importer(815301076,1909f56bfc062723c751e8b465ee728b)
Start importing Assets/Low_Swordman/Demo/Sprite/webGL-ui_mouse_Fill.png using Guid(226da39bc4b92d44cbca3bf35c87bba2) Importer(815301076,1909f56bfc062723c751e8b465ee728b)  -> (artifact id: '7c955367077134de264e55c9365a33b6') in 0.021557 seconds 
========================================================================
Received Import Request.
  Time since last request: 0.000016 seconds.
  path: Assets/Low_Swordman/Demo/Sprite/Forest_Green_1.png
  artifactKey: Guid(835b624361cb959469bf0b945a2f7b9c) Importer(815301076,1909f56bfc062723c751e8b465ee728b)
Start importing Assets/Low_Swordman/Demo/Sprite/Forest_Green_1.png using Guid(835b624361cb959469bf0b945a2f7b9c) Importer(815301076,1909f56bfc062723c751e8b465ee728b)  -> (artifact id: '8186fa370b4f2ef1a3dfa8ef57896b5f') in 0.036961 seconds 
========================================================================
Received Import Request.
  Time since last request: 0.000015 seconds.
  path: Assets/Low_Swordman/Demo/Sprite/LR.png
  artifactKey: Guid(d0445638e7ec597449759ae5ebba1c20) Importer(815301076,1909f56bfc062723c751e8b465ee728b)
Start importing Assets/Low_Swordman/Demo/Sprite/LR.png using Guid(d0445638e7ec597449759ae5ebba1c20) Importer(815301076,1909f56bfc062723c751e8b465ee728b)  -> (artifact id: '1a22b60f977a128be149a40ac072fdd9') in 0.019911 seconds 
========================================================================
Received Import Request.
  Time since last request: 0.000014 seconds.
  path: Assets/Low_Swordman/Demo/Sprite/webGL-ui_attack.png
  artifactKey: Guid(2164c2559952e9d459b69f47322b7bb3) Importer(815301076,1909f56bfc062723c751e8b465ee728b)
Start importing Assets/Low_Swordman/Demo/Sprite/webGL-ui_attack.png using Guid(2164c2559952e9d459b69f47322b7bb3) Importer(815301076,1909f56bfc062723c751e8b465ee728b)  -> (artifact id: '68f458538c9f4ea6b2a0a0b7bfec6ef5') in 0.019965 seconds 
========================================================================
Received Import Request.
  Time since last request: 0.000019 seconds.
  path: Assets/Low_Swordman/Demo/Sprite/webGL-ui_button_Fill.png
  artifactKey: Guid(fa61cfacce39345498dba8541b9744a6) Importer(815301076,1909f56bfc062723c751e8b465ee728b)
Start importing Assets/Low_Swordman/Demo/Sprite/webGL-ui_button_Fill.png using Guid(fa61cfacce39345498dba8541b9744a6) Importer(815301076,1909f56bfc062723c751e8b465ee728b)  -> (artifact id: '145d44935bdd2f7d2620ad12bbb5be0b') in 0.021590 seconds 
========================================================================
Received Import Request.
  Time since last request: 0.000015 seconds.
  path: Assets/Low_Swordman/Demo/Sprite/LClick.png
  artifactKey: Guid(5fd8ad05b7bfcd84397212f62ccb6279) Importer(815301076,1909f56bfc062723c751e8b465ee728b)
Start importing Assets/Low_Swordman/Demo/Sprite/LClick.png using Guid(5fd8ad05b7bfcd84397212f62ccb6279) Importer(815301076,1909f56bfc062723c751e8b465ee728b)  -> (artifact id: '876f3c1b5a766fb5acdb6f2e7367b2e9') in 0.020460 seconds 
========================================================================
Received Import Request.
  Time since last request: 2.637086 seconds.
  path: Assets/Low_Swordman/2.Animation
  artifactKey: Guid(5f6c8678abf7e5a4ab4eb3a79c1c4128) Importer(815301076,1909f56bfc062723c751e8b465ee728b)
Start importing Assets/Low_Swordman/2.Animation using Guid(5f6c8678abf7e5a4ab4eb3a79c1c4128) Importer(815301076,1909f56bfc062723c751e8b465ee728b)  -> (artifact id: '0b989412bdf3041f3f5bad96fd7986ca') in 0.009742 seconds 
========================================================================
Received Import Request.
  Time since last request: 1.746162 seconds.
  path: Assets/Low_Swordman/1.Sprite
  artifactKey: Guid(1846ee948f012ca428f317a53af15776) Importer(815301076,1909f56bfc062723c751e8b465ee728b)
Start importing Assets/Low_Swordman/1.Sprite using Guid(1846ee948f012ca428f317a53af15776) Importer(815301076,1909f56bfc062723c751e8b465ee728b)  -> (artifact id: '40d0bbfa744ae2997b3b94bd9b688d1d') in 0.009907 seconds 
